[    0.000000] Linux version 4.15.0-156-generic (buildd@lcy01-amd64-008) (gcc version 7.5.0 (Ubuntu 7.5.0-3ubuntu1~18.04)) #163-Ubuntu SMP Thu Aug 19 23:31:58 UTC 2021 (Ubuntu 4.15.0-156.163-generic 4.15.18)
[    0.000000] Command line: BOOT_IMAGE=/boot/vmlinuz-4.15.0-156-generic root=LABEL=cloudimg-rootfs ro console=tty1 console=ttyS0
[    0.000000] KERNEL supported cpus:
[    0.000000]   Intel GenuineIntel
[    0.000000]   AMD AuthenticAMD
[    0.000000]   Centaur CentaurHauls
[    0.000000] x86/fpu: Supporting XSAVE feature 0x001: 'x87 floating point registers'
[    0.000000] x86/fpu: Supporting XSAVE feature 0x002: 'SSE registers'
[    0.000000] x86/fpu: Supporting XSAVE feature 0x004: 'AVX registers'
[    0.000000] x86/fpu: xstate_offset[2]:  576, xstate_sizes[2]:  256
[    0.000000] x86/fpu: Enabled xstate features 0x7, context size is 832 bytes, using 'standard' format.
[    0.000000] e820: BIOS-provided physical RAM map:
[    0.000000] BIOS-e820: [mem 0x0000000000000000-0x000000000009fbff] usable
[    0.000000] BIOS-e820: [mem 0x000000000009fc00-0x000000000009ffff] reserved
[    0.000000] BIOS-e820: [mem 0x00000000000f0000-0x00000000000fffff] reserved
[    0.000000] BIOS-e820: [mem 0x0000000000100000-0x000000003ffeffff] usable
[    0.000000] BIOS-e820: [mem 0x000000003fff0000-0x000000003fffffff] ACPI data
[    0.000000] BIOS-e820: [mem 0x00000000fec00000-0x00000000fec00fff] reserved
[    0.000000] BIOS-e820: [mem 0x00000000fee00000-0x00000000fee00fff] reserved
[    0.000000] BIOS-e820: [mem 0x00000000fffc0000-0x00000000ffffffff] reserved
[    0.000000] NX (Execute Disable) protection: active
[    0.000000] SMBIOS 2.5 present.
[    0.000000] DMI: innotek GmbH VirtualBox/VirtualBox, BIOS VirtualBox 12/01/2006
[    0.000000] Hypervisor detected: KVM
[    0.000000] e820: last_pfn = 0x3fff0 max_arch_pfn = 0x400000000
[    0.000000] MTRR: Disabled
[    0.000000] x86/PAT: MTRRs disabled, skipping PAT initialization too.
[    0.000000] CPU MTRRs all blank - virtualized system.
[    0.000000] x86/PAT: Configuration [0-7]: WB  WT  UC- UC  WB  WT  UC- UC  
[    0.000000] found SMP MP-table at [mem 0x0009fff0-0x0009ffff]
[    0.000000] Scanning 1 areas for low memory corruption
[    0.000000] RAMDISK: [mem 0x359cf000-0x36cdefff]
[    0.000000] ACPI: Early table checksum verification disabled
[    0.000000] ACPI: RSDP 0x00000000000E0000 000024 (v02 VBOX  )
[    0.000000] ACPI: XSDT 0x000000003FFF0030 00003C (v01 VBOX   VBOXXSDT 00000001 ASL  00000061)
[    0.000000] ACPI: FACP 0x000000003FFF00F0 0000F4 (v04 VBOX   VBOXFACP 00000001 ASL  00000061)
[    0.000000] ACPI: DSDT 0x000000003FFF0470 002325 (v02 VBOX   VBOXBIOS 00000002 INTL 20120111)
[    0.000000] ACPI: FACS 0x000000003FFF0200 000040
[    0.000000] ACPI: FACS 0x000000003FFF0200 000040
[    0.000000] ACPI: APIC 0x000000003FFF0240 00005C (v02 VBOX   VBOXAPIC 00000001 ASL  00000061)
[    0.000000] ACPI: SSDT 0x000000003FFF02A0 0001CC (v01 VBOX   VBOXCPUT 00000002 INTL 20120111)
[    0.000000] ACPI: Reserving FACP table memory at [mem 0x3fff00f0-0x3fff01e3]
[    0.000000] ACPI: Reserving DSDT table memory at [mem 0x3fff0470-0x3fff2794]
[    0.000000] ACPI: Reserving FACS table memory at [mem 0x3fff0200-0x3fff023f]
[    0.000000] ACPI: Reserving FACS table memory at [mem 0x3fff0200-0x3fff023f]
[    0.000000] ACPI: Reserving APIC table memory at [mem 0x3fff0240-0x3fff029b]
[    0.000000] ACPI: Reserving SSDT table memory at [mem 0x3fff02a0-0x3fff046b]
[    0.000000] No NUMA configuration found
[    0.000000] Faking a node at [mem 0x0000000000000000-0x000000003ffeffff]
[    0.000000] NODE_DATA(0) allocated [mem 0x3ffc5000-0x3ffeffff]
[    0.000000] kvm-clock: cpu 0, msr 0:3ff44001, primary cpu clock
[    0.000000] kvm-clock: Using msrs 4b564d01 and 4b564d00
[    0.000000] kvm-clock: using sched offset of 9752559626 cycles
[    0.000000] clocksource: kvm-clock: mask: 0xffffffffffffffff max_cycles: 0x1cd42e4dffb, max_idle_ns: 881590591483 ns
[    0.000000] Zone ranges:
[    0.000000]   DMA      [mem 0x0000000000001000-0x0000000000ffffff]
[    0.000000]   DMA32    [mem 0x0000000001000000-0x000000003ffeffff]
[    0.000000]   Normal   empty
[    0.000000]   Device   empty
[    0.000000] Movable zone start for each node
[    0.000000] Early memory node ranges
[    0.000000]   node   0: [mem 0x0000000000001000-0x000000000009efff]
[    0.000000]   node   0: [mem 0x0000000000100000-0x000000003ffeffff]
[    0.000000] Reserved but unavailable: 104 pages
[    0.000000] Initmem setup node 0 [mem 0x0000000000001000-0x000000003ffeffff]
[    0.000000] ACPI: PM-Timer IO Port: 0x4008
[    0.000000] IOAPIC[0]: apic_id 2, version 32, address 0xfec00000, GSI 0-23
[    0.000000] ACPI: INT_SRC_OVR (bus 0 bus_irq 0 global_irq 2 dfl dfl)
[    0.000000] ACPI: INT_SRC_OVR (bus 0 bus_irq 9 global_irq 9 low level)
[    0.000000] Using ACPI (MADT) for SMP configuration information
[    0.000000] smpboot: Allowing 2 CPUs, 0 hotplug CPUs
[    0.000000] PM: Registered nosave memory: [mem 0x00000000-0x00000fff]
[    0.000000] PM: Registered nosave memory: [mem 0x0009f000-0x0009ffff]
[    0.000000] PM: Registered nosave memory: [mem 0x000a0000-0x000effff]
[    0.000000] PM: Registered nosave memory: [mem 0x000f0000-0x000fffff]
[    0.000000] e820: [mem 0x40000000-0xfebfffff] available for PCI devices
[    0.000000] Booting paravirtualized kernel on KVM
[    0.000000] clocksource: refined-jiffies: mask: 0xffffffff max_cycles: 0xffffffff, max_idle_ns: 7645519600211568 ns
[    0.000000] random: get_random_bytes called from start_kernel+0x99/0x500 with crng_init=0
[    0.000000] setup_percpu: NR_CPUS:8192 nr_cpumask_bits:2 nr_cpu_ids:2 nr_node_ids:1
[    0.000000] percpu: Embedded 45 pages/cpu s147456 r8192 d28672 u1048576
[    0.000000] PV qspinlock hash table entries: 256 (order: 0, 4096 bytes)
[    0.000000] Built 1 zonelists, mobility grouping on.  Total pages: 257913
[    0.000000] Policy zone: DMA32
[    0.000000] Kernel command line: BOOT_IMAGE=/boot/vmlinuz-4.15.0-156-generic root=LABEL=cloudimg-rootfs ro console=tty1 console=ttyS0
[    0.000000] Memory: 982716K/1048120K available (12300K kernel code, 2483K rwdata, 4320K rodata, 2448K init, 2724K bss, 65404K reserved, 0K cma-reserved)
[    0.000000] SLUB: HWalign=64, Order=0-3, MinObjects=0, CPUs=2, Nodes=1
[    0.000000] Kernel/User page tables isolation: enabled
[    0.000000] ftrace: allocating 39466 entries in 155 pages
[    0.004000] Hierarchical RCU implementation.
[    0.004000] 	RCU restricting CPUs from NR_CPUS=8192 to nr_cpu_ids=2.
[    0.004000] 	Tasks RCU enabled.
[    0.004000] RCU: Adjusting geometry for rcu_fanout_leaf=16, nr_cpu_ids=2
[    0.004000] NR_IRQS: 524544, nr_irqs: 440, preallocated irqs: 16
[    0.004000] Console: colour VGA+ 80x25
[    0.004000] console [tty1] enabled
[    0.004000] console [ttyS0] enabled
[    0.004000] ACPI: Core revision 20170831
[ 0.004000] ACPI: 2 ACPI AML tables successfully acquired and loaded
[    0.004000] APIC: Switch to symmetric I/O mode setup
[    0.004543] x2apic enabled
[    0.008008] Switched APIC routing to physical x2apic.
[    0.013839] ..TIMER: vector=0x30 apic1=0 pin1=2 apic2=-1 pin2=-1
[    0.016007] tsc: Detected 3096.000 MHz processor
[    0.020014] Calibrating delay loop (skipped) preset value.. 6192.00 BogoMIPS (lpj=12384000)
[    0.024009] pid_max: default: 32768 minimum: 301
[    0.028051] Security Framework initialized
[    0.032007] Yama: becoming mindful.
[    0.034192] AppArmor: AppArmor initialized
[    0.038203] Dentry cache hash table entries: 131072 (order: 8, 1048576 bytes)
[    0.040083] Inode-cache hash table entries: 65536 (order: 7, 524288 bytes)
[    0.044026] Mount-cache hash table entries: 2048 (order: 2, 16384 bytes)
[    0.046332] Mountpoint-cache hash table entries: 2048 (order: 2, 16384 bytes)
[    0.048395] Last level iTLB entries: 4KB 64, 2MB 8, 4MB 8
[    0.052006] Last level dTLB entries: 4KB 64, 2MB 0, 4MB 0, 1GB 4
[    0.053892] Spectre V1 : Mitigation: usercopy/swapgs barriers and __user pointer sanitization
[    0.056007] Spectre V2 : Mitigation: Full generic retpoline
[    0.060005] Spectre V2 : Spectre v2 / SpectreRSB mitigation: Filling RSB on context switch
[    0.064008] Speculative Store Bypass: Vulnerable
[    0.066471] SRBDS: Unknown: Dependent on hypervisor status
[    0.068007] MDS: Mitigation: Clear CPU buffers
[    0.072185] Freeing SMP alternatives memory: 36K
[    0.139954] smpboot: CPU0: Intel(R) Core(TM) i5-7267U CPU @ 3.10GHz (family: 0x6, model: 0x8e, stepping: 0x9)
[    0.140107] Performance Events: unsupported p6 CPU model 142 no PMU driver, software events only.
[    0.144075] Hierarchical SRCU implementation.
[    0.152928] NMI watchdog: Perf event create on CPU 0 failed with -2
[    0.156006] NMI watchdog: Perf NMI watchdog permanently disabled
[    0.160080] smp: Bringing up secondary CPUs ...
[    0.164439] x86: Booting SMP configuration:
[    0.168007] .... node  #0, CPUs:      #1
[    0.004000] kvm-clock: cpu 1, msr 0:3ff44041, secondary cpu clock
[    0.184027] smp: Brought up 1 node, 2 CPUs
[    0.188011] smpboot: Max logical packages: 1
[    0.192009] smpboot: Total of 2 processors activated (12384.00 BogoMIPS)
[    0.196428] devtmpfs: initialized
[    0.200079] x86/mm: Memory block size: 128MB
[    0.204185] evm: security.selinux
[    0.205563] evm: security.SMACK64
[    0.208009] evm: security.SMACK64EXEC
[    0.210798] evm: security.SMACK64TRANSMUTE
[    0.212008] evm: security.SMACK64MMAP
[    0.216006] evm: security.apparmor
[    0.220006] evm: security.ima
[    0.224007] evm: security.capability
[    0.228589] clocksource: jiffies: mask: 0xffffffff max_cycles: 0xffffffff, max_idle_ns: 7645041785100000 ns
[    0.232202] futex hash table entries: 512 (order: 3, 32768 bytes)
[    0.236069] pinctrl core: initialized pinctrl subsystem
[    0.241896] RTC time: 15:07:44, date: 09/23/21
[    0.244513] NET: Registered protocol family 16
[    0.246805] audit: initializing netlink subsys (disabled)
[    0.248056] audit: type=2000 audit(1632409673.251:1): state=initialized audit_enabled=0 res=1
[    0.252098] cpuidle: using governor ladder
[    0.256092] cpuidle: using governor menu
[    0.259094] ACPI: bus type PCI registered
[    0.260008] acpiphp: ACPI Hot Plug PCI Controller Driver version: 0.5
[    0.264200] PCI: Using configuration type 1 for base access
[    0.280289] HugeTLB registered 2.00 MiB page size, pre-allocated 0 pages
[    0.284440] ACPI: Added _OSI(Module Device)
[    0.288021] ACPI: Added _OSI(Processor Device)
[    0.292053] ACPI: Added _OSI(3.0 _SCP Extensions)
[    0.296010] ACPI: Added _OSI(Processor Aggregator Device)
[    0.300012] ACPI: Added _OSI(Linux-Dell-Video)
[    0.304011] ACPI: Added _OSI(Linux-Lenovo-NV-HDMI-Audio)
[    0.308013] ACPI: Added _OSI(Linux-HPI-Hybrid-Graphics)
[    0.316644] ACPI: Executed 1 blocks of module-level executable AML code
[    0.329533] ACPI: Interpreter enabled
[    0.332033] ACPI: (supports S0 S5)
[    0.336007] ACPI: Using IOAPIC for interrupt routing
[    0.340515] PCI: Using host bridge windows from ACPI; if necessary, use "pci=nocrs" and report a bug
[    0.344646] ACPI: Enabled 2 GPEs in block 00 to 07
[    0.368123] ACPI: PCI Root Bridge [PCI0] (domain 0000 [bus 00-ff])
[    0.372000] acpi PNP0A03:00: _OSC: OS supports [ASPM ClockPM Segments MSI]
[    0.372985] acpi PNP0A03:00: _OSC: not requesting OS control; OS requires [ExtendedConfig ASPM ClockPM MSI]
[    0.376026] acpi PNP0A03:00: fail to add MMCONFIG information, can't access extended PCI configuration space under this bridge.
[    0.380652] PCI host bridge to bus 0000:00
[    0.384009] pci_bus 0000:00: root bus resource [io  0x0000-0x0cf7 window]
[    0.388009] pci_bus 0000:00: root bus resource [io  0x0d00-0xffff window]
[    0.391224] pci_bus 0000:00: root bus resource [mem 0x000a0000-0x000bffff window]
[    0.392009] pci_bus 0000:00: root bus resource [mem 0x40000000-0xfdffffff window]
[    0.394757] pci_bus 0000:00: root bus resource [bus 00-ff]
[    0.399004] pci 0000:00:01.1: legacy IDE quirk: reg 0x10: [io  0x01f0-0x01f7]
[    0.400007] pci 0000:00:01.1: legacy IDE quirk: reg 0x14: [io  0x03f6]
[    0.402010] pci 0000:00:01.1: legacy IDE quirk: reg 0x18: [io  0x0170-0x0177]
[    0.404007] pci 0000:00:01.1: legacy IDE quirk: reg 0x1c: [io  0x0376]
[    0.425759] pci 0000:00:07.0: quirk: [io  0x4000-0x403f] claimed by PIIX4 ACPI
[    0.428041] pci 0000:00:07.0: quirk: [io  0x4100-0x410f] claimed by PIIX4 SMB
[    0.440282] ACPI: PCI Interrupt Link [LNKA] (IRQs 5 9 10 *11)
[    0.443309] ACPI: PCI Interrupt Link [LNKB] (IRQs 5 9 *10 11)
[    0.448093] ACPI: PCI Interrupt Link [LNKC] (IRQs 5 *9 10 11)
[    0.450234] ACPI: PCI Interrupt Link [LNKD] (IRQs 5 9 10 *11)
[    0.452663] SCSI subsystem initialized
[    0.454076] pci 0000:00:02.0: vgaarb: setting as boot VGA device
[    0.454076] pci 0000:00:02.0: vgaarb: VGA device added: decodes=io+mem,owns=io+mem,locks=none
[    0.456011] pci 0000:00:02.0: vgaarb: bridge control possible
[    0.460006] vgaarb: loaded
[    0.461093] ACPI: bus type USB registered
[    0.462487] usbcore: registered new interface driver usbfs
[    0.464026] usbcore: registered new interface driver hub
[    0.465588] usbcore: registered new device driver usb
[    0.468280] EDAC MC: Ver: 3.0.0
[    0.472046] PCI: Using ACPI for IRQ routing
[    0.474035] NetLabel: Initializing
[    0.475158] NetLabel:  domain hash size = 128
[    0.476005] NetLabel:  protocols = UNLABELED CIPSOv4 CALIPSO
[    0.477843] NetLabel:  unlabeled traffic allowed by default
[    0.480088] clocksource: Switched to clocksource kvm-clock
[    0.498977] VFS: Disk quotas dquot_6.6.0
[    0.500326] VFS: Dquot-cache hash table entries: 512 (order 0, 4096 bytes)
[    0.503533] AppArmor: AppArmor Filesystem Enabled
[    0.505194] pnp: PnP ACPI init
[    0.507808] pnp: PnP ACPI: found 3 devices
[    0.544511] clocksource: acpi_pm: mask: 0xffffff max_cycles: 0xffffff, max_idle_ns: 2085701024 ns
[    0.547741] NET: Registered protocol family 2
[    0.549455] IP idents hash table entries: 16384 (order: 5, 131072 bytes)
[    0.554248] TCP established hash table entries: 8192 (order: 4, 65536 bytes)
[    0.556902] TCP bind hash table entries: 8192 (order: 5, 131072 bytes)
[    0.558897] TCP: Hash tables configured (established 8192 bind 8192)
[    0.561423] UDP hash table entries: 512 (order: 2, 16384 bytes)
[    0.563425] UDP-Lite hash table entries: 512 (order: 2, 16384 bytes)
[    0.565495] NET: Registered protocol family 1
[    0.567603] pci 0000:00:00.0: Limiting direct PCI/PCI transfers
[    0.571793] pci 0000:00:01.0: Activating ISA DMA hang workarounds
[    0.573835] pci 0000:00:02.0: Video device with shadowed ROM at [mem 0x000c0000-0x000dffff]
[    0.577627] Unpacking initramfs...
[    1.153193] Freeing initrd memory: 19520K
[    1.157350] clocksource: tsc: mask: 0xffffffffffffffff max_cycles: 0x2ca08564bf3, max_idle_ns: 440795312460 ns
[    1.161570] platform rtc_cmos: registered platform RTC device (no PNP device found)
[    1.164512] Scanning for low memory corruption every 60 seconds
[    1.167457] Initialise system trusted keyrings
[    1.169446] Key type blacklist registered
[    1.172816] workingset: timestamp_bits=36 max_order=18 bucket_order=0
[    1.176515] zbud: loaded
[    1.178072] squashfs: version 4.0 (2009/01/31) Phillip Lougher
[    1.180331] fuse init (API version 7.26)
[    1.188582] Key type asymmetric registered
[    1.190714] Asymmetric key parser 'x509' registered
[    1.192504] Block layer SCSI generic (bsg) driver version 0.4 loaded (major 246)
[    1.195349] io scheduler noop registered
[    1.197042] io scheduler deadline registered
[    1.198560] io scheduler cfq registered (default)
[    1.201002] ACPI: AC Adapter [AC] (off-line)
[    1.202424] input: Power Button as /devices/LNXSYSTM:00/LNXPWRBN:00/input/input0
[    1.205533] ACPI: Power Button [PWRF]
[    1.206910] input: Sleep Button as /devices/LNXSYSTM:00/LNXSLPBN:00/input/input1
[    1.209488] ACPI: Sleep Button [SLPF]
[    1.211716] Serial: 8250/16550 driver, 32 ports, IRQ sharing enabled
[    1.213965] ACPI: Battery Slot [BAT0] (battery present)
[    1.239762] 00:02: ttyS0 at I/O 0x3f8 (irq = 4, base_baud = 115200) is a 16550A
[    1.281982] Linux agpgart interface v0.103
[    1.287666] loop: module loaded
[    1.290713] scsi host0: ata_piix
[    1.292782] scsi host1: ata_piix
[    1.295985] ata1: PATA max UDMA/33 cmd 0x1f0 ctl 0x3f6 bmdma 0xd000 irq 14
[    1.300720] ata2: PATA max UDMA/33 cmd 0x170 ctl 0x376 bmdma 0xd008 irq 15
[    1.307887] libphy: Fixed MDIO Bus: probed
[    1.316050] tun: Universal TUN/TAP device driver, 1.6
[    1.323928] PPP generic driver version 2.4.2
[    1.329704] ehci_hcd: USB 2.0 'Enhanced' Host Controller (EHCI) Driver
[    1.340184] ehci-pci: EHCI PCI platform driver
[    1.346580] ehci-platform: EHCI generic platform driver
[    1.353990] ohci_hcd: USB 1.1 'Open' Host Controller (OHCI) Driver
[    1.371148] ohci-pci: OHCI PCI platform driver
[    1.374728] ohci-platform: OHCI generic platform driver
[    1.378388] uhci_hcd: USB Universal Host Controller Interface driver
[    1.382576] i8042: PNP: PS/2 Controller [PNP0303:PS2K,PNP0f03:PS2M] at 0x60,0x64 irq 1,12
[    1.388750] serio: i8042 KBD port at 0x60,0x64 irq 1
[    1.390647] serio: i8042 AUX port at 0x60,0x64 irq 12
[    1.392553] mousedev: PS/2 mouse device common for all mice
[    1.395211] input: AT Translated Set 2 keyboard as /devices/platform/i8042/serio0/input/input2
[    1.401919] rtc_cmos rtc_cmos: rtc core: registered rtc_cmos as rtc0
[    1.407650] rtc_cmos rtc_cmos: alarms up to one day, 114 bytes nvram
[    1.410494] i2c /dev entries driver
[    1.412617] device-mapper: uevent: version 1.0.3
[    1.416511] device-mapper: ioctl: 4.37.0-ioctl (2017-09-20) initialised: dm-devel@redhat.com
[    1.421512] ledtrig-cpu: registered to indicate activity on CPUs
[    1.423976] NET: Registered protocol family 10
[    1.437004] Segment Routing with IPv6
[    1.442029] NET: Registered protocol family 17
[    1.448856] Key type dns_resolver registered
[    1.451145] mce: Using 0 MCE banks
[    1.452303] RAS: Correctable Errors collector initialized.
[    1.454049] sched_clock: Marking stable (1452273261, 0)->(4549779899, -3097506638)
[    1.458301] registered taskstats version 1
[    1.461739] Loading compiled-in X.509 certificates
[    1.496178] Loaded X.509 cert 'Build time autogenerated kernel key: b39ba71f7e5bf175906d0a602aa7bdc709562f9b'
[    1.499704] Loaded X.509 cert 'Canonical Ltd. Live Patch Signing: 14df34d1a87cf37625abec039ef2bf521249b969'
[    1.503233] Loaded X.509 cert 'Canonical Ltd. Kernel Module Signing: 88f752e560a1e0737e31163a466ad7b70a850c19'
[    1.506432] zswap: loaded using pool lzo/zbud
[    1.510997] Key type big_key registered
[    1.512171] Key type trusted registered
[    1.516251] Key type encrypted registered
[    1.518487] AppArmor: AppArmor sha1 policy hashing enabled
[    1.521498] ima: No TPM chip found, activating TPM-bypass! (rc=-19)
[    1.552711] ima: Allocated hash algorithm: sha1
[    1.569457] evm: HMAC attrs: 0x1
[    1.570954]   Magic number: 5:403:134
[    1.572449] pci 0000:00:03.0: hash matches
[    1.573844] rtc_cmos rtc_cmos: setting system clock to 2021-09-23 15:07:46 UTC (1632409666)
[    1.578247] BIOS EDD facility v0.16 2004-Jun-25, 0 devices found
[    1.586218] EDD information not available.
[    1.591009] Freeing unused kernel image memory: 2448K
[    1.616447] Write protecting the kernel read-only data: 20480k
[    1.619167] Freeing unused kernel image memory: 2008K
[    1.623329] Freeing unused kernel image memory: 1824K
[    1.637945] x86/mm: Checked W+X mappings: passed, no W+X pages found.
[    1.640655] x86/mm: Checking user space page tables
[    1.654687] x86/mm: Checked W+X mappings: passed, no W+X pages found.
Loading, please wait...
starting version 237
[    1.763217] Fusion MPT base driver 3.04.20
[    1.765352] Copyright (c) 1999-2008 LSI Corporation
[    1.788209] e1000: Intel(R) PRO/1000 Network Driver - version 7.3.21-k8-NAPI
[    1.791435] e1000: Copyright (c) 1999-2006 Intel Corporation.
[    1.822547] AVX2 version of gcm_enc/dec engaged.
[    1.824284] AES CTR mode by8 optimization enabled
[    1.835532] Fusion MPT SPI Host driver 3.04.20
[    1.982308] input: ImExPS/2 Generic Explorer Mouse as /devices/platform/i8042/serio1/input/input4
[    2.872030] e1000 0000:00:03.0 eth0: (PCI:33MHz:32-bit) 02:82:2a:96:15:3b
[    2.875830] e1000 0000:00:03.0 eth0: Intel(R) PRO/1000 Network Connection
[    2.879812] mptbase: ioc0: Initiating bringup
[    2.882970] e1000 0000:00:03.0 enp0s3: renamed from eth0
[    3.671351] ioc0: LSI53C1030 A0: Capabilities={Initiator}
[    6.173179] scsi host2: ioc0: LSI53C1030 A0, FwRev=00000000h, Ports=1, MaxQ=256, IRQ=20
[    8.174772] scsi 2:0:0:0: Direct-Access     VBOX     HARDDISK         1.0  PQ: 0 ANSI: 5
[    8.816140] scsi target2:0:0: Beginning Domain Validation
[    8.860113] scsi target2:0:0: Domain Validation skipping write tests
[    8.864760] scsi target2:0:0: Ending Domain Validation
[    8.867755] scsi target2:0:0: asynchronous
[    8.886895] scsi 2:0:1:0: Direct-Access     VBOX     HARDDISK         1.0  PQ: 0 ANSI: 5
[   10.164588] scsi target2:0:1: Beginning Domain Validation
[   10.169364] random: fast init done
[   10.170611] scsi target2:0:1: Domain Validation skipping write tests
[   10.172696] scsi target2:0:1: Ending Domain Validation
[   10.174139] scsi target2:0:1: asynchronous
[   10.181486] random: systemd-udevd: uninitialized urandom read (16 bytes read)
[   10.183496] random: systemd-udevd: uninitialized urandom read (16 bytes read)
[   10.185673] random: systemd-udevd: uninitialized urandom read (16 bytes read)
[   10.190337] sd 2:0:0:0: Attached scsi generic sg0 type 0
[   10.192287] sd 2:0:1:0: Attached scsi generic sg1 type 0
[   10.195429] sd 2:0:0:0: [sda] 83886080 512-byte logical blocks: (42.9 GB/40.0 GiB)
[   10.195531] sd 2:0:1:0: [sdb] 20480 512-byte logical blocks: (10.5 MB/10.0 MiB)
[   10.200454] sd 2:0:0:0: [sda] Write Protect is off
[   10.200544] sd 2:0:1:0: [sdb] Write Protect is off
[   10.203096] sd 2:0:1:0: [sdb] Incomplete mode parameter data
[   10.203128] sd 2:0:0:0: [sda] Incomplete mode parameter data
[   10.205039] sd 2:0:1:0: [sdb] Assuming drive cache: write through
[   10.210599] sd 2:0:1:0: [sdb] Attached SCSI disk
[   10.211806] sd 2:0:0:0: [sda] Assuming drive cache: write through
[   10.217190]  sda: sda1
[   10.219193] sd 2:0:0:0: [sda] Attached SCSI disk
Begin: Loading essential drivers ... [   12.034652] raid6: sse2x1   gen()  7009 MB/s
[   12.088076] raid6: sse2x1   xor()  5449 MB/s
[   12.136074] raid6: sse2x2   gen() 10992 MB/s
[   12.185293] raid6: sse2x2   xor()  3888 MB/s
[   12.236359] raid6: sse2x4   gen()  6637 MB/s
[   12.295970] raid6: sse2x4   xor()  2869 MB/s
[   12.348018] raid6: avx2x1   gen()  5859 MB/s
[   12.404166] raid6: avx2x1   xor()  2112 MB/s
[   12.452074] raid6: avx2x2   gen() 11419 MB/s
[   12.504848] raid6: avx2x2   xor()  7675 MB/s
[   12.552083] raid6: avx2x4   gen() 20322 MB/s
[   12.600098] raid6: avx2x4   xor() 15202 MB/s
[   12.602343] raid6: using algorithm avx2x4 gen() 20322 MB/s
[   12.604549] raid6: .... xor() 15202 MB/s, rmw enabled
[   12.607839] raid6: using avx2x2 recovery algorithm
[   12.614725] xor: automatically using best checksumming function   avx       
[   12.625997] async_tx: api initialized (async)
done.
Begin: Running /scripts/init-premount ... done.
Begin: Mounting root file system ... Begin: Running /scripts/local-top ... done.
Begin: Running /scripts/local-premount ... [   12.719966] Btrfs loaded, crc32c=crc32c-intel
Scanning for Btrfs filesystems
done.
Warning: fsck not present, so skipping root file system
[   12.978530] EXT4-fs (sda1): INFO: recovery required on readonly filesystem
[   12.980954] EXT4-fs (sda1): write access will be enabled during recovery
[   13.102910] EXT4-fs (sda1): orphan cleanup on readonly fs
[   13.104146] EXT4-fs (sda1): 1 orphan inode deleted
[   13.106036] EXT4-fs (sda1): recovery complete
[   13.109075] EXT4-fs (sda1): mounted filesystem with ordered data mode. Opts: (null)
done.
Begin: Running /scripts/local-bottom ... done.
Begin: Running /scripts/init-bottom ... done.
[   13.828776] ip_tables: (C) 2000-2006 Netfilter Core Team
[   13.856034] systemd[1]: systemd 237 running in system mode. (+PAM +AUDIT +SELINUX +IMA +APPARMOR +SMACK +SYSVINIT +UTMP +LIBCRYPTSETUP +GCRYPT +GNUTLS +ACL +XZ +LZ4 +SECCOMP +BLKID +ELFUTILS +KMOD -IDN2 +IDN -PCRE2 default-hierarchy=hybrid)
[   13.861210] systemd[1]: Detected virtualization oracle.
[   13.862496] systemd[1]: Detected architecture x86-64.

Welcome to [1mUbuntu 18.04.5 LTS[0m!

[   13.870681] systemd[1]: Set hostname to <ubuntu-bionic>.
[   14.681203] random: crng init done
[   14.686782] random: 7 urandom warning(s) missed due to ratelimiting
[   15.130298] systemd[1]: Started Forward Password Requests to Wall Directory Watch.
[[0;32m  OK  [0m] Started Forward Password Requests to Wall Directory Watch.
[   15.151478] systemd[1]: Created slice System Slice.
[[0;32m  OK  [0m] Created slice System Slice.
[   15.153959] systemd[1]: Listening on udev Control Socket.
[[0;32m  OK  [0m] Listening on udev Control Socket.
[   15.156881] systemd[1]: Listening on Journal Audit Socket.
[[0;32m  OK  [0m] Listening on Journal Audit Socket.
[   15.159701] systemd[1]: Listening on /dev/initctl Compatibility Named Pipe.
[[0;32m  OK  [0m] Listening on /dev/initctl Compatibility Named Pipe.
[   15.163275] systemd[1]: Listening on LVM2 poll daemon socket.
[[0;32m  OK  [0m] Listening on LVM2 poll daemon socket.
[[0;32m  OK  [0m] Listening on Syslog Socket.
[[0;32m  OK  [0m] Listening on udev Kernel Socket.
[[0;32m  OK  [0m] Reached target Swap.
[[0;32m  OK  [0m] Listening on Network Service Netlink Socket.
[[0;32m  OK  [0m] Set up automount Arbitrary Executab…rmats File System Automount Point.
[[0;32m  OK  [0m] Listening on Device-mapper event daemon FIFOs.
[[0;32m  OK  [0m] Listening on fsck to fsckd communication Socket.
[[0;32m  OK  [0m] Reached target System Time Synchronized.
[[0;32m  OK  [0m] Listening on LVM2 metadata daemon socket.
[[0;32m  OK  [0m] Listening on Journal Socket.
         Starting udev Coldplug all Devices...
         Starting File System Check on Root Device...
         Starting Load Kernel Modules...
         Starting Create list of required st…ce nodes for the current kernel...
         Mounting POSIX Message Queue File System...
         Starting Monitoring of LVM2 mirrors…ng dmeventd or progress polling...
         Mounting Huge Pages File System...
         Starting Set the console keyboard layout...
[[0;32m  OK  [0m] Created slice User and Session Slice.
[[0;32m  OK  [0m] Reached target User and Group Name Lookups.
[[0;32m  OK  [0m] Created slice system-serial\x2dgetty.slice.
         Mounting Kernel Debug File System...
[[0;32m  OK  [0m] Listening on Journal Socket (/dev/log).
[   16.163719] Loading iSCSI transport class v2.0-870.
         Starting Journal Service...
         Starting Uncomplicated firewall...
[[0;32m  OK  [0m] Reached target Slices.
[[0;32m  OK  [0m] Started File System Check Daemon to report status.
[[0;32m  OK  [0m] Started Create list of required sta…vice nodes for the current kernel.
         Starting Create Static Device Nodes in /dev...
[[0;32m  OK  [0m] Started udev Coldplug all Devices.
[[0;32m  OK  [0m] Started Uncomplicated firewall.
[   16.296729] iscsi: registered transport (tcp)
[[0;32m  OK  [0m] Started Journal Service.
[[0;32m  OK  [0m] Mounted POSIX Message Queue File System.
[[0;32m  OK  [0m] Mounted Huge Pages File System.
[[0;32m  OK  [0m] Mounted Kernel Debug File System.
[   16.536455] iscsi: registered transport (iser)
[[0;32m  OK  [0m] Started Load Kernel Modules.
         Mounting FUSE Control File System...
         Starting Apply Kernel Variables...
         Mounting Kernel Configuration File System...
[[0;32m  OK  [0m] Started File System Check on Root Device.
[[0;32m  OK  [0m] Mounted FUSE Control File System.
[[0;32m  OK  [0m] Mounted Kernel Configuration File System.
         Starting Remount Root and Kernel File Systems...
[[0;32m  OK  [0m] Started Create Static Device Nodes in /dev.
[[0;32m  OK  [0m] Started Set the console keyboard layout.
[[0;32m  OK  [0m] Started Apply Kernel Variables.
[[0;32m  OK  [0m] Started Remount Root and Kernel File Systems.
         Starting Load/Save Random Seed...
         Starting udev Kernel Device Manager...
         Starting Flush Journal to Persistent Storage...
[[0;32m  OK  [0m] Started Load/Save Random Seed.
[[0;32m  OK  [0m] Started LVM2 metadata daemon.
[[0;32m  OK  [0m] Started udev Kernel Device Manager.
[[0;32m  OK  [0m] Started Dispatch Password Requests to Console Directory Watch.
[[0;32m  OK  [0m] Reached target Local Encrypted Volumes.
[[0;32m  OK  [0m] Started Monitoring of LVM2 mirrors,…sing dmeventd or progress polling.
[[0;32m  OK  [0m] Reached target Local File Systems (Pre).
[[0;32m  OK  [0m] Reached target Local File Systems.
         Starting Set console font and keymap...
         Starting Tell Plymouth To Write Out Runtime Data...
         Starting AppArmor initialization...
         Starting ebtables ruleset management...
[[0;32m  OK  [0m] Started Set console font and keymap.
[[0;32m  OK  [0m] Started Tell Plymouth To Write Out Runtime Data.
[[0;32m  OK  [0m] Found device /dev/ttyS0.
[[0;32m  OK  [0m] Listening on Load/Save RF Kill Switch Status /dev/rfkill Watch.
[[0;32m  OK  [0m] Started Flush Journal to Persistent Storage.
         Starting Create Volatile Files and Directories...
[[0;32m  OK  [0m] Started ebtables ruleset management.
[[0;32m  OK  [0m] Started Create Volatile Files and Directories.
         Starting Update UTMP about System Boot/Shutdown...
[[0;32m  OK  [0m] Started Update UTMP about System Boot/Shutdown.
[[0;32m  OK  [0m] Started AppArmor initialization.
         Starting Load AppArmor profiles managed internally by snapd...
         Starting Initial cloud-init job (pre-networking)...
[[0;32m  OK  [0m] Started Load AppArmor profiles managed internally by snapd.
[   20.687805] cloud-init[563]: Cloud-init v. 21.2-3-g899bfaa9-0ubuntu2~18.04.1 running 'init-local' at Thu, 23 Sep 2021 15:08:05 +0000. Up 20.38 seconds.
[[0;32m  OK  [0m] Started Initial cloud-init job (pre-networking).
[[0;32m  OK  [0m] Reached target Network (Pre).
         Starting Network Service...
[[0;32m  OK  [0m] Started Network Service.
         Starting Wait for Network to be Configured...
         Starting Network Name Resolution...
[[0;32m  OK  [0m] Started Network Name Resolution.
[[0;32m  OK  [0m] Reached target Host and Network Name Lookups.
[[0;32m  OK  [0m] Reached target Network.
[[0;32m  OK  [0m] Started Wait for Network to be Configured.
         Starting Initial cloud-init job (metadata service crawler)...
[   23.482231] cloud-init[674]: Cloud-init v. 21.2-3-g899bfaa9-0ubuntu2~18.04.1 running 'init' at Thu, 23 Sep 2021 15:08:08 +0000. Up 23.26 seconds.
[   23.484807] cloud-init[674]: ci-info: ++++++++++++++++++++++++++++++++++++++Net device info++++++++++++++++++++++++++++++++++++++
[   23.487935] cloud-init[674]: ci-info: +--------+------+----------------------------+---------------+--------+-------------------+
[   23.490891] cloud-init[674]: ci-info: | Device |  Up  |          Address           |      Mask     | Scope  |     Hw-Address    |
[   23.493443] cloud-init[674]: ci-info: +--------+------+----------------------------+---------------+--------+-------------------+
[   23.497144] cloud-init[674]: ci-info: | enp0s3 | True |         10.0.2.15          | 255.255.255.0 | global | 02:82:2a:96:15:3b |
[   23.500565] cloud-init[674]: ci-info: | enp0s3 | True | fe80::82:2aff:fe96:153b/64 |       .       |  link  | 02:82:2a:96:15:3b |
[   23.503637] cloud-init[674]: ci-info: |   lo   | True |         127.0.0.1          |   255.0.0.0   |  host  |         .         |
[   23.506196] cloud-init[674]: ci-info: |   lo   | True |          ::1/128           |       .       |  host  |         .         |
[   23.509610] cloud-init[674]: ci-info: +--------+------+----------------------------+---------------+--------+-------------------+
[   23.520171] cloud-init[674]: ci-info: ++++++++++++++++++++++++++++Route IPv4 info+++++++++++++++++++++++++++++
[   23.521385] cloud-init[674]: ci-info: +-------+-------------+----------+-----------------+-----------+-------+
[   23.522431] cloud-init[674]: ci-info: | Route | Destination | Gateway  |     Genmask     | Interface | Flags |
[   23.524433] cloud-init[674]: ci-info: +-------+-------------+----------+-----------------+-----------+-------+
[   23.536239] cloud-init[674]: ci-info: |   0   |   0.0.0.0   | 10.0.2.2 |     0.0.0.0     |   enp0s3  |   UG  |
[   23.538249] cloud-init[674]: ci-info: |   1   |   10.0.2.0  | 0.0.0.0  |  255.255.255.0  |   enp0s3  |   U   |
[   23.539913] cloud-init[674]: ci-info: |   2   |   10.0.2.2  | 0.0.0.0  | 255.255.255.255 |   enp0s3  |   UH  |
[   23.552194] cloud-init[674]: ci-info: +-------+-------------+----------+-----------------+-----------+-------+
[   23.554425] cloud-init[674]: ci-info: +++++++++++++++++++Route IPv6 info+++++++++++++++++++
[   23.556597] cloud-init[674]: ci-info: +-------+-------------+---------+-----------+-------+
[   23.560580] cloud-init[674]: ci-info: | Route | Destination | Gateway | Interface | Flags |
[   23.563631] cloud-init[674]: ci-info: +-------+-------------+---------+-----------+-------+
[   23.580193] cloud-init[674]: ci-info: |   1   |  fe80::/64  |    ::   |   enp0s3  |   U   |
[   23.597482] cloud-init[674]: ci-info: |   3   |    local    |    ::   |   enp0s3  |   U   |
[   23.602301] cloud-init[674]: ci-info: |   4   |   ff00::/8  |    ::   |   enp0s3  |   U   |
[   23.616285] cloud-init[674]: ci-info: +-------+-------------+---------+-----------+-------+
[[0;32m  OK  [0m] Started Initial cloud-init job (metadata service crawler).
[[0;32m  OK  [0m] Reached target Network is Online.
[[0;32m  OK  [0m] Reached target Remote File Systems (Pre).
         Mounting /vagrant...
         Starting Availability of block devices...
[[0;32m  OK  [0m] Reached target Cloud-config availability.
[[0;32m  OK  [0m] Reached target System Initialization.
         Starting Socket activation for snappy daemon.
[[0;32m  OK  [0m] Started Message of the Day.
[[0;32m  OK  [0m] Listening on Open-iSCSI iscsid Socket.
[[0;32m  OK  [0m] Started Daily apt download activities.
         Starting LXD - unix socket.
[[0;32m  OK  [0m] Listening on UUID daemon activation socket.
[[0;32m  OK  [0m] Started Discard unused blocks once a week.
[[0;32m  OK  [0m] Started ACPI Events Check.
[[0;32m  OK  [0m] Reached target Paths.
[[0;32m  OK  [0m] Listening on ACPID Listen Socket.
[[0;32m  OK  [0m] Started Daily apt upgrade and clean activities.
[[0;32m  OK  [0m] Started Daily Cleanup of Temporary Directories.
[[0;32m  OK  [0m] Started Ubuntu Advantage update messaging.
[[0;32m  OK  [0m] Reached target Timers.
[[0;32m  OK  [0m] Listening on D-Bus System Message Bus Socket.
[[0;32m  OK  [0m] Mounted /vagrant.
[[0;32m  OK  [0m] Started Availability of block devices.
[[0;32m  OK  [0m] Listening on Socket activation for snappy daemon.
[[0;32m  OK  [0m] Listening on LXD - unix socket.
[[0;32m  OK  [0m] Reached target Sockets.
[[0;32m  OK  [0m] Reached target Basic System.
[[0;32m  OK  [0m] Started irqbalance daemon.
[[0;32m  OK  [0m] Started FUSE filesystem for LXC.
[[0;32m  OK  [0m] Started D-Bus System Message Bus.
         Starting Ubuntu Advantage APT and MOTD Messages...
         Starting System Logging Service...
[[0;32m  OK  [0m] Started Regular background program processing daemon.
         Starting Accounts Service...
         Starting Login Service...
         Starting LSB: Record successful boot for GRUB...
         Starting Virtualbox guest utils...
         Starting OpenBSD Secure Shell server...
         Starting Message of the Day...
[[0;32m  OK  [0m] Started Deferred execution scheduler.
         Starting Dispatcher daemon for systemd-networkd...
         Starting LXD - container startup/shutdown...
         Starting Snap Daemon...
[[0;32m  OK  [0m] Reached target Remote File Systems.
         Starting Permit User Sessions...
         Starting LSB: automatic crash report generation...
[[0;32m  OK  [0m] Started System Logging Service.
[[0;32m  OK  [0m] Started Permit User Sessions.
[[0;32m  OK  [0m] Started Login Service.
[[0;32m  OK  [0m] Started Unattended Upgrades Shutdown.
         Starting Terminate Plymouth Boot Screen...
         Starting Hold until boot process finishes up...
         Starting Authorization Manager...
[[0;32m  OK  [0m] Started Hold until boot process finishes up.
         Starting Set console scheme...
[[0;32m  OK  [0m] Started Serial Getty on ttyS0.
[[0;32m  OK  [0m] Started Terminate Plymouth Boot Screen.
[[0;32m  OK  [0m] Started OpenBSD Secure Shell server.
[[0;32m  OK  [0m] Started Set console scheme.
[[0;32m  OK  [0m] Created slice system-getty.slice.
[[0;32m  OK  [0m] Started Getty on tty1.
[[0;32m  OK  [0m] Reached target Login Prompts.
[[0;32m  OK  [0m] Started LSB: Record successful boot for GRUB.
[[0;32m  OK  [0m] Started LSB: automatic crash report generation.
[[0;32m  OK  [0m] Started Authorization Manager.
[[0;32m  OK  [0m] Started Accounts Service.
[[0;32m  OK  [0m] Started Virtualbox guest utils.
[[0;32m  OK  [0m] Started Dispatcher daemon for systemd-networkd.
[[0;32m  OK  [0m] Created slice User Slice of vagrant.
         Starting User Manager for UID 1000...
[[0;32m  OK  [0m] Started Session 1 of user vagrant.
[[0;32m  OK  [0m] Started LXD - container startup/shutdown.

Ubuntu 18.04.5 LTS ubuntu-bionic ttyS0

ubuntu-bionic login: [   31.847810] cloud-init[1214]: Cloud-init v. 21.2-3-g899bfaa9-0ubuntu2~18.04.1 running 'modules:config' at Thu, 23 Sep 2021 15:08:16 +0000. Up 31.44 seconds.
[   34.755872] cloud-init[1340]: Cloud-init v. 21.2-3-g899bfaa9-0ubuntu2~18.04.1 running 'modules:final' at Thu, 23 Sep 2021 15:08:19 +0000. Up 34.27 seconds.
[   34.756199] cloud-init[1340]: Cloud-init v. 21.2-3-g899bfaa9-0ubuntu2~18.04.1 finished at Thu, 23 Sep 2021 15:08:19 +0000. Datasource DataSourceNoCloud [seed=/dev/sdb][dsmode=net].  Up 34.74 seconds
